-------------------------------------------------------------------------------
Test set: chat.TestScenarioOssatureDeDepart
-------------------------------------------------------------------------------
Tests run: 1, Failures: 1, Errors: 0, Skipped: 0, Time elapsed: 10.306 sec <<< FAILURE! - in chat.TestScenarioOssatureDeDepart
constructAndRun(chat.TestScenarioOssatureDeDepart)  Time elapsed: 10.225 sec  <<< FAILURE!
java.lang.AssertionError: expected:<6> but was:<0>
	at chat.TestScenarioOssatureDeDepart.constructAndRun(TestScenarioOssatureDeDepart.java:112)

