-------------------------------------------------------------------------------
Test set: diffusionCausale.TestDiffCas1
-------------------------------------------------------------------------------
Tests run: 1, Failures: 1, Errors: 0, Skipped: 0, Time elapsed: 4.244 sec <<< FAILURE! - in diffusionCausale.TestDiffCas1
constructAndRun(diffusionCausale.TestDiffCas1)  Time elapsed: 4.163 sec  <<< FAILURE!
java.lang.AssertionError: expected:<0> but was:<2>
	at diffusionCausale.TestDiffCas1.constructAndRun(TestDiffCas1.java:97)

